<?xml version="1.0" encoding="UTF-8"?>
<testsuite xmlns:xsi="http://www.w3.org/2001/XMLSchema-instance" xsi:noNamespaceSchemaLocation="https://maven.apache.org/surefire/maven-surefire-plugin/xsd/surefire-test-report-3.0.xsd" version="3.0" name="TestSuite" time="38.815" tests="2" errors="0" skipped="0" failures="2">
  <properties>
[...]
</properties>
  <testcase name="FlipkartScenario" classname="FlipkartTest" time="13.85">
    <failure message="no such element: Unable to locate element: {&quot;method&quot;:&quot;xpath&quot;,&quot;selector&quot;:&quot;.//a[@href=&apos;https://www.flipkart.com/&apos;]&quot;}&#10;  (Session info: chrome=83.0.4103.116)&#10;For documentation on this error, please visit: https://www.seleniumhq.org/exceptions/no_such_element.html&#10;Build info: version: &apos;3.141.59&apos;, revision: &apos;e82be7d358&apos;, time: &apos;2018-11-14T08:17:03&apos;&#10;System info: host: &apos;DESKTOP-84K23BF&apos;, ip: &apos;192.168.0.107&apos;, os.name: &apos;Windows 10&apos;, os.arch: &apos;amd64&apos;, os.version: &apos;10.0&apos;, java.version: &apos;1.8.0_231&apos;&#10;Driver info: org.openqa.selenium.chrome.ChromeDriver&#10;Capabilities {acceptInsecureCerts: false, browserName: chrome, browserVersion: 83.0.4103.116, chrome: {chromedriverVersion: 83.0.4103.39 (ccbf011cb2d2b..., userDataDir: C:\Users\JKR\AppData\Local\...}, goog:chromeOptions: {debuggerAddress: localhost:62914}, javascriptEnabled: true, networkConnectionEnabled: false, pageLoadStrategy: normal, platform: WINDOWS, platformName: WINDOWS, proxy: Proxy(), setWindowRect: true, strictFileInteractability: false, timeouts: {implicit: 0, pageLoad: 300000, script: 30000}, unhandledPromptBehavior: dismiss and notify, webauthn:virtualAuthenticators: true}&#10;Session ID: ba10cb2b0286815a7e960b069e574003&#10;*** Element info: {Using=xpath, value=.//a[@href=&apos;https://www.flipkart.com/&apos;]}" type="org.openqa.selenium.NoSuchElementException"><![CDATA[org.openqa.selenium.NoSuchElementException: 
no such element: Unable to locate element: {"method":"xpath","selector":".//a[@href='https://www.flipkart.com/']"}
  (Session info: chrome=83.0.4103.116)
For documentation on this error, please visit: https://www.seleniumhq.org/exceptions/no_such_element.html
Build info: version: '3.141.59', revision: 'e82be7d358', time: '2018-11-14T08:17:03'
System info: host: 'DESKTOP-84K23BF', ip: '192.168.0.107', os.name: 'Windows 10', os.arch: 'amd64', os.version: '10.0', java.version: '1.8.0_231'
Driver info: org.openqa.selenium.chrome.ChromeDriver
Capabilities {acceptInsecureCerts: false, browserName: chrome, browserVersion: 83.0.4103.116, chrome: {chromedriverVersion: 83.0.4103.39 (ccbf011cb2d2b..., userDataDir: C:\Users\JKR\AppData\Local\...}, goog:chromeOptions: {debuggerAddress: localhost:62914}, javascriptEnabled: true, networkConnectionEnabled: false, pageLoadStrategy: normal, platform: WINDOWS, platformName: WINDOWS, proxy: Proxy(), setWindowRect: true, strictFileInteractability: false, timeouts: {implicit: 0, pageLoad: 300000, script: 30000}, unhandledPromptBehavior: dismiss and notify, webauthn:virtualAuthenticators: true}
Session ID: ba10cb2b0286815a7e960b069e574003
*** Element info: {Using=xpath, value=.//a[@href='https://www.flipkart.com/']}
	at FlipkartTest.FlipkartScenario(FlipkartTest.java:63)
]]></failure>
    <system-out><![CDATA[The options for the search box are 
flipkart
flipkart seller
flipkart customer care
flipkart mobile
flipkart app
flipkart owner
flipkart offer
flipkart super fan answers
flipkart share price
flipkart sale 2020
]]></system-out>
    <system-err><![CDATA[SLF4J: Failed to load class "org.slf4j.impl.StaticLoggerBinder".
SLF4J: Defaulting to no-operation (NOP) logger implementation
SLF4J: See http://www.slf4j.org/codes.html#StaticLoggerBinder for further details.
Starting ChromeDriver 83.0.4103.39 (ccbf011cb2d2b19b506d844400483861342c20cd-refs/branch-heads/4103@{#416}) on port 22793
Only local connections are allowed.
Please see https://chromedriver.chromium.org/security-considerations for suggestions on keeping ChromeDriver safe.
ChromeDriver was started successfully.
Jul 10, 2020 9:26:19 PM org.openqa.selenium.remote.ProtocolHandshake createSession
INFO: Detected dialect: W3C
]]></system-err>
  </testcase>
  <testcase name="FlipkartScenario" classname="FlipkartTest" time="10.383">
    <failure message="Unable to locate element: .//a[@href=&apos;https://www.flipkart.com/&apos;]&#10;For documentation on this error, please visit: https://www.seleniumhq.org/exceptions/no_such_element.html&#10;Build info: version: &apos;3.141.59&apos;, revision: &apos;e82be7d358&apos;, time: &apos;2018-11-14T08:17:03&apos;&#10;System info: host: &apos;DESKTOP-84K23BF&apos;, ip: &apos;192.168.0.107&apos;, os.name: &apos;Windows 10&apos;, os.arch: &apos;amd64&apos;, os.version: &apos;10.0&apos;, java.version: &apos;1.8.0_231&apos;&#10;Driver info: org.openqa.selenium.firefox.FirefoxDriver&#10;Capabilities {acceptInsecureCerts: true, browserName: firefox, browserVersion: 77.0.1, javascriptEnabled: true, moz:accessibilityChecks: false, moz:buildID: 20200602222727, moz:geckodriverVersion: 0.26.0, moz:headless: false, moz:processID: 18356, moz:profile: C:\Users\JKR\AppData\Local\..., moz:shutdownTimeout: 60000, moz:useNonSpecCompliantPointerOrigin: false, moz:webdriverClick: true, pageLoadStrategy: normal, platform: WINDOWS, platformName: WINDOWS, platformVersion: 10.0, rotatable: false, setWindowRect: true, strictFileInteractability: false, timeouts: {implicit: 0, pageLoad: 300000, script: 30000}, unhandledPromptBehavior: dismiss and notify}&#10;Session ID: 2f783ae4-b648-4848-baf6-cc339e0ddd03&#10;*** Element info: {Using=xpath, value=.//a[@href=&apos;https://www.flipkart.com/&apos;]}" type="org.openqa.selenium.NoSuchElementException"><![CDATA[org.openqa.selenium.NoSuchElementException: 
Unable to locate element: .//a[@href='https://www.flipkart.com/']
For documentation on this error, please visit: https://www.seleniumhq.org/exceptions/no_such_element.html
Build info: version: '3.141.59', revision: 'e82be7d358', time: '2018-11-14T08:17:03'
System info: host: 'DESKTOP-84K23BF', ip: '192.168.0.107', os.name: 'Windows 10', os.arch: 'amd64', os.version: '10.0', java.version: '1.8.0_231'
Driver info: org.openqa.selenium.firefox.FirefoxDriver
Capabilities {acceptInsecureCerts: true, browserName: firefox, browserVersion: 77.0.1, javascriptEnabled: true, moz:accessibilityChecks: false, moz:buildID: 20200602222727, moz:geckodriverVersion: 0.26.0, moz:headless: false, moz:processID: 18356, moz:profile: C:\Users\JKR\AppData\Local\..., moz:shutdownTimeout: 60000, moz:useNonSpecCompliantPointerOrigin: false, moz:webdriverClick: true, pageLoadStrategy: normal, platform: WINDOWS, platformName: WINDOWS, platformVersion: 10.0, rotatable: false, setWindowRect: true, strictFileInteractability: false, timeouts: {implicit: 0, pageLoad: 300000, script: 30000}, unhandledPromptBehavior: dismiss and notify}
Session ID: 2f783ae4-b648-4848-baf6-cc339e0ddd03
*** Element info: {Using=xpath, value=.//a[@href='https://www.flipkart.com/']}
	at FlipkartTest.FlipkartScenario(FlipkartTest.java:63)
]]></failure>
    <system-out><![CDATA[Couldn't find template in cache for "v3html/v3-html-index.ftl"("en_IN", UTF-8, parsed); will try to load it.
TemplateLoader.findTemplateSource("v3html/v3-html-index_en_IN.ftl"): Not found
TemplateLoader.findTemplateSource("v3html/v3-html-index_en.ftl"): Not found
TemplateLoader.findTemplateSource("v3html/v3-html-index.ftl"): Found
Loading template for "v3html/v3-html-index.ftl"("en_IN", UTF-8, parsed) from "jar:file:/C:/Users/JKR/.m2/repository/com/aventstack/extentreports/4.1.6/extentreports-4.1.6.jar!/com/aventstack/extentreports/view/v3html/v3-html-index.ftl"
Couldn't find template in cache for "commons/commons-variables.ftl"("en_IN", UTF-8, parsed); will try to load it.
TemplateLoader.findTemplateSource("commons/commons-variables_en_IN.ftl"): Not found
TemplateLoader.findTemplateSource("commons/commons-variables_en.ftl"): Not found
TemplateLoader.findTemplateSource("commons/commons-variables.ftl"): Found
Loading template for "commons/commons-variables.ftl"("en_IN", UTF-8, parsed) from "jar:file:/C:/Users/JKR/.m2/repository/com/aventstack/extentreports/4.1.6/extentreports-4.1.6.jar!/com/aventstack/extentreports/view/commons/commons-variables.ftl"
"commons/commons-variables.ftl"("en_IN", UTF-8, parsed) cached copy not yet stale; using cached.
Couldn't find template in cache for "v3html/v3-html-head.ftl"("en_IN", UTF-8, parsed); will try to load it.
TemplateLoader.findTemplateSource("v3html/v3-html-head_en_IN.ftl"): Not found
TemplateLoader.findTemplateSource("v3html/v3-html-head_en.ftl"): Not found
TemplateLoader.findTemplateSource("v3html/v3-html-head.ftl"): Found
Loading template for "v3html/v3-html-head.ftl"("en_IN", UTF-8, parsed) from "jar:file:/C:/Users/JKR/.m2/repository/com/aventstack/extentreports/4.1.6/extentreports-4.1.6.jar!/com/aventstack/extentreports/view/v3html/v3-html-head.ftl"
Couldn't find template in cache for "v3html/v3-html-nav.ftl"("en_IN", UTF-8, parsed); will try to load it.
TemplateLoader.findTemplateSource("v3html/v3-html-nav_en_IN.ftl"): Not found
TemplateLoader.findTemplateSource("v3html/v3-html-nav_en.ftl"): Not found
TemplateLoader.findTemplateSource("v3html/v3-html-nav.ftl"): Found
Loading template for "v3html/v3-html-nav.ftl"("en_IN", UTF-8, parsed) from "jar:file:/C:/Users/JKR/.m2/repository/com/aventstack/extentreports/4.1.6/extentreports-4.1.6.jar!/com/aventstack/extentreports/view/v3html/v3-html-nav.ftl"
Couldn't find template in cache for "v3html/test-view/v3-html-test-view.ftl"("en_IN", UTF-8, parsed); will try to load it.
TemplateLoader.findTemplateSource("v3html/test-view/v3-html-test-view_en_IN.ftl"): Not found
TemplateLoader.findTemplateSource("v3html/test-view/v3-html-test-view_en.ftl"): Not found
TemplateLoader.findTemplateSource("v3html/test-view/v3-html-test-view.ftl"): Found
Loading template for "v3html/test-view/v3-html-test-view.ftl"("en_IN", UTF-8, parsed) from "jar:file:/C:/Users/JKR/.m2/repository/com/aventstack/extentreports/4.1.6/extentreports-4.1.6.jar!/com/aventstack/extentreports/view/v3html/test-view/v3-html-test-view.ftl"
Couldn't find template in cache for "v3html/test-view/v3-html-test-view-charts.ftl"("en_IN", UTF-8, parsed); will try to load it.
TemplateLoader.findTemplateSource("v3html/test-view/v3-html-test-view-charts_en_IN.ftl"): Not found
TemplateLoader.findTemplateSource("v3html/test-view/v3-html-test-view-charts_en.ftl"): Not found
TemplateLoader.findTemplateSource("v3html/test-view/v3-html-test-view-charts.ftl"): Found
Loading template for "v3html/test-view/v3-html-test-view-charts.ftl"("en_IN", UTF-8, parsed) from "jar:file:/C:/Users/JKR/.m2/repository/com/aventstack/extentreports/4.1.6/extentreports-4.1.6.jar!/com/aventstack/extentreports/view/v3html/test-view/v3-html-test-view-charts.ftl"
Couldn't find template in cache for "v3html/test-view/v3-html-standard.ftl"("en_IN", UTF-8, parsed); will try to load it.
TemplateLoader.findTemplateSource("v3html/test-view/v3-html-standard_en_IN.ftl"): Not found
TemplateLoader.findTemplateSource("v3html/test-view/v3-html-standard_en.ftl"): Not found
TemplateLoader.findTemplateSource("v3html/test-view/v3-html-standard.ftl"): Found
Loading template for "v3html/test-view/v3-html-standard.ftl"("en_IN", UTF-8, parsed) from "jar:file:/C:/Users/JKR/.m2/repository/com/aventstack/extentreports/4.1.6/extentreports-4.1.6.jar!/com/aventstack/extentreports/view/v3html/test-view/v3-html-standard.ftl"
Key "stepName" was not found on instance of com.aventstack.extentreports.model.Log. Introspection information for the class is: {setSequence=public void com.aventstack.extentreports.model.Log.setSequence(int), setExceptionInfo=public void com.aventstack.extentreports.model.Log.setExceptionInfo(com.aventstack.extentreports.model.ExceptionInfo), getClass=public final native java.lang.Class java.lang.Object.getClass(), setTest=public void com.aventstack.extentreports.model.Log.setTest(com.aventstack.extentreports.model.Test), getScreenCaptureContext=public com.aventstack.extentreports.model.AbstractStructure com.aventstack.extentreports.model.Log.getScreenCaptureContext(), setObjectId=public void com.aventstack.extentreports.model.Log.setObjectId(org.bson.types.ObjectId), getStatus=public com.aventstack.extentreports.Status com.aventstack.extentreports.model.Log.getStatus(), getTest=public com.aventstack.extentreports.model.Test com.aventstack.extentreports.model.Log.getTest(), getObjectId=public org.bson.types.ObjectId com.aventstack.extentreports.model.Log.getObjectId(), screenCaptureContext=freemarker.ext.beans.FastPropertyDescriptor@2e27d72f, getTimestamp=public java.util.Date com.aventstack.extentreports.model.Log.getTimestamp(), hashCode=public native int java.lang.Object.hashCode(), setDetails=public void com.aventstack.extentreports.model.Log.setDetails(java.lang.String), details=freemarker.ext.beans.FastPropertyDescriptor@c0b41d6, class=freemarker.ext.beans.FastPropertyDescriptor@4837595f, objectId=freemarker.ext.beans.FastPropertyDescriptor@2bffa76d, setTimestamp=public void com.aventstack.extentreports.model.Log.setTimestamp(java.util.Date), timestamp=freemarker.ext.beans.FastPropertyDescriptor@3b718392, java.lang.Object@1c3a4799={public java.lang.String java.lang.Object.toString()=[Ljava.lang.Class;@6d2260db, public void com.aventstack.extentreports.model.Log.setScreenCaptureContext(com.aventstack.extentreports.model.AbstractStructure)=[Ljava.lang.Class;@1f2d2181, public void com.aventstack.extentreports.model.Log.setDetails(java.lang.String)=[Ljava.lang.Class;@49bf29c6, public java.util.Date com.aventstack.extentreports.model.Log.getTimestamp()=[Ljava.lang.Class;@7ee55e70, public int com.aventstack.extentreports.model.Log.getSequence()=[Ljava.lang.Class;@3fcdcf, public void com.aventstack.extentreports.model.Log.setTimestamp(java.util.Date)=[Ljava.lang.Class;@7668d560, public native int java.lang.Object.hashCode()=[Ljava.lang.Class;@46292372, public boolean java.lang.Object.equals(java.lang.Object)=[Ljava.lang.Class;@126be319, public void com.aventstack.extentreports.model.Log.setTest(com.aventstack.extentreports.model.Test)=[Ljava.lang.Class;@6c44052e, public com.aventstack.extentreports.model.ExceptionInfo com.aventstack.extentreports.model.Log.getExceptionInfo()=[Ljava.lang.Class;@5c371e13, public com.aventstack.extentreports.model.AbstractStructure com.aventstack.extentreports.model.Log.getScreenCaptureContext()=[Ljava.lang.Class;@530a8454, public void com.aventstack.extentreports.model.Log.setExceptionInfo(com.aventstack.extentreports.model.ExceptionInfo)=[Ljava.lang.Class;@1e34c607, public void com.aventstack.extentreports.model.Log.setSequence(int)=[Ljava.lang.Class;@5215cd9a, public com.aventstack.extentreports.model.Test com.aventstack.extentreports.model.Log.getTest()=[Ljava.lang.Class;@36b6964d, public com.aventstack.extentreports.Status com.aventstack.extentreports.model.Log.getStatus()=[Ljava.lang.Class;@31198ceb, public org.bson.types.ObjectId com.aventstack.extentreports.model.Log.getObjectId()=[Ljava.lang.Class;@9257031, public void com.aventstack.extentreports.model.Log.setStatus(com.aventstack.extentreports.Status)=[Ljava.lang.Class;@75201592, public final native java.lang.Class java.lang.Object.getClass()=[Ljava.lang.Class;@7726e185, public void com.aventstack.extentreports.model.Log.setObjectId(org.bson.types.ObjectId)=[Ljava.lang.Class;@aa5455e, public java.lang.String com.aventstack.extentreports.model.Log.getDetails()=[Ljava.lang.Class;@282308c3}, test=freemarker.ext.beans.FastPropertyDescriptor@5dda14d0, getExceptionInfo=public com.aventstack.extentreports.model.ExceptionInfo com.aventstack.extentreports.model.Log.getExceptionInfo(), java.lang.Object@2f943d71=freemarker.ext.beans.SimpleMethod@1db0ec27, getDetails=public java.lang.String com.aventstack.extentreports.model.Log.getDetails(), setStatus=public void com.aventstack.extentreports.model.Log.setStatus(com.aventstack.extentreports.Status), sequence=freemarker.ext.beans.FastPropertyDescriptor@3d9fc57a, setScreenCaptureContext=public void com.aventstack.extentreports.model.Log.setScreenCaptureContext(com.aventstack.extentreports.model.AbstractStructure), equals=public boolean java.lang.Object.equals(java.lang.Object), toString=public java.lang.String java.lang.Object.toString(), getSequence=public int com.aventstack.extentreports.model.Log.getSequence(), exceptionInfo=freemarker.ext.beans.FastPropertyDescriptor@d4ab71a, status=freemarker.ext.beans.FastPropertyDescriptor@3b4ef7}
Key "stepName" was not found on instance of com.aventstack.extentreports.model.Log. Introspection information for the class is: {setSequence=public void com.aventstack.extentreports.model.Log.setSequence(int), setExceptionInfo=public void com.aventstack.extentreports.model.Log.setExceptionInfo(com.aventstack.extentreports.model.ExceptionInfo), getClass=public final native java.lang.Class java.lang.Object.getClass(), setTest=public void com.aventstack.extentreports.model.Log.setTest(com.aventstack.extentreports.model.Test), getScreenCaptureContext=public com.aventstack.extentreports.model.AbstractStructure com.aventstack.extentreports.model.Log.getScreenCaptureContext(), setObjectId=public void com.aventstack.extentreports.model.Log.setObjectId(org.bson.types.ObjectId), getStatus=public com.aventstack.extentreports.Status com.aventstack.extentreports.model.Log.getStatus(), getTest=public com.aventstack.extentreports.model.Test com.aventstack.extentreports.model.Log.getTest(), getObjectId=public org.bson.types.ObjectId com.aventstack.extentreports.model.Log.getObjectId(), screenCaptureContext=freemarker.ext.beans.FastPropertyDescriptor@2e27d72f, getTimestamp=public java.util.Date com.aventstack.extentreports.model.Log.getTimestamp(), hashCode=public native int java.lang.Object.hashCode(), setDetails=public void com.aventstack.extentreports.model.Log.setDetails(java.lang.String), details=freemarker.ext.beans.FastPropertyDescriptor@c0b41d6, class=freemarker.ext.beans.FastPropertyDescriptor@4837595f, objectId=freemarker.ext.beans.FastPropertyDescriptor@2bffa76d, setTimestamp=public void com.aventstack.extentreports.model.Log.setTimestamp(java.util.Date), timestamp=freemarker.ext.beans.FastPropertyDescriptor@3b718392, java.lang.Object@1c3a4799={public java.lang.String java.lang.Object.toString()=[Ljava.lang.Class;@6d2260db, public void com.aventstack.extentreports.model.Log.setScreenCaptureContext(com.aventstack.extentreports.model.AbstractStructure)=[Ljava.lang.Class;@1f2d2181, public void com.aventstack.extentreports.model.Log.setDetails(java.lang.String)=[Ljava.lang.Class;@49bf29c6, public java.util.Date com.aventstack.extentreports.model.Log.getTimestamp()=[Ljava.lang.Class;@7ee55e70, public int com.aventstack.extentreports.model.Log.getSequence()=[Ljava.lang.Class;@3fcdcf, public void com.aventstack.extentreports.model.Log.setTimestamp(java.util.Date)=[Ljava.lang.Class;@7668d560, public native int java.lang.Object.hashCode()=[Ljava.lang.Class;@46292372, public boolean java.lang.Object.equals(java.lang.Object)=[Ljava.lang.Class;@126be319, public void com.aventstack.extentreports.model.Log.setTest(com.aventstack.extentreports.model.Test)=[Ljava.lang.Class;@6c44052e, public com.aventstack.extentreports.model.ExceptionInfo com.aventstack.extentreports.model.Log.getExceptionInfo()=[Ljava.lang.Class;@5c371e13, public com.aventstack.extentreports.model.AbstractStructure com.aventstack.extentreports.model.Log.getScreenCaptureContext()=[Ljava.lang.Class;@530a8454, public void com.aventstack.extentreports.model.Log.setExceptionInfo(com.aventstack.extentreports.model.ExceptionInfo)=[Ljava.lang.Class;@1e34c607, public void com.aventstack.extentreports.model.Log.setSequence(int)=[Ljava.lang.Class;@5215cd9a, public com.aventstack.extentreports.model.Test com.aventstack.extentreports.model.Log.getTest()=[Ljava.lang.Class;@36b6964d, public com.aventstack.extentreports.Status com.aventstack.extentreports.model.Log.getStatus()=[Ljava.lang.Class;@31198ceb, public org.bson.types.ObjectId com.aventstack.extentreports.model.Log.getObjectId()=[Ljava.lang.Class;@9257031, public void com.aventstack.extentreports.model.Log.setStatus(com.aventstack.extentreports.Status)=[Ljava.lang.Class;@75201592, public final native java.lang.Class java.lang.Object.getClass()=[Ljava.lang.Class;@7726e185, public void com.aventstack.extentreports.model.Log.setObjectId(org.bson.types.ObjectId)=[Ljava.lang.Class;@aa5455e, public java.lang.String com.aventstack.extentreports.model.Log.getDetails()=[Ljava.lang.Class;@282308c3}, test=freemarker.ext.beans.FastPropertyDescriptor@5dda14d0, getExceptionInfo=public com.aventstack.extentreports.model.ExceptionInfo com.aventstack.extentreports.model.Log.getExceptionInfo(), java.lang.Object@2f943d71=freemarker.ext.beans.SimpleMethod@1db0ec27, getDetails=public java.lang.String com.aventstack.extentreports.model.Log.getDetails(), setStatus=public void com.aventstack.extentreports.model.Log.setStatus(com.aventstack.extentreports.Status), sequence=freemarker.ext.beans.FastPropertyDescriptor@3d9fc57a, setScreenCaptureContext=public void com.aventstack.extentreports.model.Log.setScreenCaptureContext(com.aventstack.extentreports.model.AbstractStructure), equals=public boolean java.lang.Object.equals(java.lang.Object), toString=public java.lang.String java.lang.Object.toString(), getSequence=public int com.aventstack.extentreports.model.Log.getSequence(), exceptionInfo=freemarker.ext.beans.FastPropertyDescriptor@d4ab71a, status=freemarker.ext.beans.FastPropertyDescriptor@3b4ef7}
Key "stepName" was not found on instance of com.aventstack.extentreports.model.Log. Introspection information for the class is: {setSequence=public void com.aventstack.extentreports.model.Log.setSequence(int), setExceptionInfo=public void com.aventstack.extentreports.model.Log.setExceptionInfo(com.aventstack.extentreports.model.ExceptionInfo), getClass=public final native java.lang.Class java.lang.Object.getClass(), setTest=public void com.aventstack.extentreports.model.Log.setTest(com.aventstack.extentreports.model.Test), getScreenCaptureContext=public com.aventstack.extentreports.model.AbstractStructure com.aventstack.extentreports.model.Log.getScreenCaptureContext(), setObjectId=public void com.aventstack.extentreports.model.Log.setObjectId(org.bson.types.ObjectId), getStatus=public com.aventstack.extentreports.Status com.aventstack.extentreports.model.Log.getStatus(), getTest=public com.aventstack.extentreports.model.Test com.aventstack.extentreports.model.Log.getTest(), getObjectId=public org.bson.types.ObjectId com.aventstack.extentreports.model.Log.getObjectId(), screenCaptureContext=freemarker.ext.beans.FastPropertyDescriptor@2e27d72f, getTimestamp=public java.util.Date com.aventstack.extentreports.model.Log.getTimestamp(), hashCode=public native int java.lang.Object.hashCode(), setDetails=public void com.aventstack.extentreports.model.Log.setDetails(java.lang.String), details=freemarker.ext.beans.FastPropertyDescriptor@c0b41d6, class=freemarker.ext.beans.FastPropertyDescriptor@4837595f, objectId=freemarker.ext.beans.FastPropertyDescriptor@2bffa76d, setTimestamp=public void com.aventstack.extentreports.model.Log.setTimestamp(java.util.Date), timestamp=freemarker.ext.beans.FastPropertyDescriptor@3b718392, java.lang.Object@1c3a4799={public java.lang.String java.lang.Object.toString()=[Ljava.lang.Class;@6d2260db, public void com.aventstack.extentreports.model.Log.setScreenCaptureContext(com.aventstack.extentreports.model.AbstractStructure)=[Ljava.lang.Class;@1f2d2181, public void com.aventstack.extentreports.model.Log.setDetails(java.lang.String)=[Ljava.lang.Class;@49bf29c6, public java.util.Date com.aventstack.extentreports.model.Log.getTimestamp()=[Ljava.lang.Class;@7ee55e70, public int com.aventstack.extentreports.model.Log.getSequence()=[Ljava.lang.Class;@3fcdcf, public void com.aventstack.extentreports.model.Log.setTimestamp(java.util.Date)=[Ljava.lang.Class;@7668d560, public native int java.lang.Object.hashCode()=[Ljava.lang.Class;@46292372, public boolean java.lang.Object.equals(java.lang.Object)=[Ljava.lang.Class;@126be319, public void com.aventstack.extentreports.model.Log.setTest(com.aventstack.extentreports.model.Test)=[Ljava.lang.Class;@6c44052e, public com.aventstack.extentreports.model.ExceptionInfo com.aventstack.extentreports.model.Log.getExceptionInfo()=[Ljava.lang.Class;@5c371e13, public com.aventstack.extentreports.model.AbstractStructure com.aventstack.extentreports.model.Log.getScreenCaptureContext()=[Ljava.lang.Class;@530a8454, public void com.aventstack.extentreports.model.Log.setExceptionInfo(com.aventstack.extentreports.model.ExceptionInfo)=[Ljava.lang.Class;@1e34c607, public void com.aventstack.extentreports.model.Log.setSequence(int)=[Ljava.lang.Class;@5215cd9a, public com.aventstack.extentreports.model.Test com.aventstack.extentreports.model.Log.getTest()=[Ljava.lang.Class;@36b6964d, public com.aventstack.extentreports.Status com.aventstack.extentreports.model.Log.getStatus()=[Ljava.lang.Class;@31198ceb, public org.bson.types.ObjectId com.aventstack.extentreports.model.Log.getObjectId()=[Ljava.lang.Class;@9257031, public void com.aventstack.extentreports.model.Log.setStatus(com.aventstack.extentreports.Status)=[Ljava.lang.Class;@75201592, public final native java.lang.Class java.lang.Object.getClass()=[Ljava.lang.Class;@7726e185, public void com.aventstack.extentreports.model.Log.setObjectId(org.bson.types.ObjectId)=[Ljava.lang.Class;@aa5455e, public java.lang.String com.aventstack.extentreports.model.Log.getDetails()=[Ljava.lang.Class;@282308c3}, test=freemarker.ext.beans.FastPropertyDescriptor@5dda14d0, getExceptionInfo=public com.aventstack.extentreports.model.ExceptionInfo com.aventstack.extentreports.model.Log.getExceptionInfo(), java.lang.Object@2f943d71=freemarker.ext.beans.SimpleMethod@1db0ec27, getDetails=public java.lang.String com.aventstack.extentreports.model.Log.getDetails(), setStatus=public void com.aventstack.extentreports.model.Log.setStatus(com.aventstack.extentreports.Status), sequence=freemarker.ext.beans.FastPropertyDescriptor@3d9fc57a, setScreenCaptureContext=public void com.aventstack.extentreports.model.Log.setScreenCaptureContext(com.aventstack.extentreports.model.AbstractStructure), equals=public boolean java.lang.Object.equals(java.lang.Object), toString=public java.lang.String java.lang.Object.toString(), getSequence=public int com.aventstack.extentreports.model.Log.getSequence(), exceptionInfo=freemarker.ext.beans.FastPropertyDescriptor@d4ab71a, status=freemarker.ext.beans.FastPropertyDescriptor@3b4ef7}
Key "screenCaptureList" was not found on instance of com.aventstack.extentreports.model.Test. Introspection information for the class is: {extent=freemarker.ext.beans.FastPropertyDescriptor@5987e932, parent=freemarker.ext.beans.FastPropertyDescriptor@1ad777f, getClass=public final native java.lang.Class java.lang.Object.getClass(), getName=public java.lang.String com.aventstack.extentreports.model.Test.getName(), getScreenCaptureContext=public com.aventstack.extentreports.model.AbstractStructure com.aventstack.extentreports.model.Test.getScreenCaptureContext(), setAuthorContext=public void com.aventstack.extentreports.model.Test.setAuthorContext(com.aventstack.extentreports.model.AbstractStructure), authorContext=freemarker.ext.beans.FastPropertyDescriptor@5bbbdd4b, getStatus=public com.aventstack.extentreports.Status com.aventstack.extentreports.model.Test.getStatus(), setUsesManualConfiguration=public void com.aventstack.extentreports.model.Test.setUsesManualConfiguration(boolean), getObjectId=public org.bson.types.ObjectId com.aventstack.extentreports.model.Test.getObjectId(), setLevel=public void com.aventstack.extentreports.model.Test.setLevel(int), getEndTime=public java.util.Date com.aventstack.extentreports.model.Test.getEndTime(), isUsesManualConfiguration=public boolean com.aventstack.extentreports.model.Test.isUsesManualConfiguration(), setId=public void com.aventstack.extentreports.model.Test.setId(int), usesManualConfiguration=freemarker.ext.beans.FastPropertyDescriptor@438bad7c, id=freemarker.ext.beans.FastPropertyDescriptor@25230246, getStartTime=public java.util.Date com.aventstack.extentreports.model.Test.getStartTime(), getExceptionInfoContext=public com.aventstack.extentreports.model.AbstractStructure com.aventstack.extentreports.model.Test.getExceptionInfoContext(), java.lang.Object@1c3a4799={public java.lang.String java.lang.Object.toString()=[Ljava.lang.Class;@4fdf8f12, public int com.aventstack.extentreports.model.Test.getLevel()=[Ljava.lang.Class;@4a8b5227, public com.aventstack.extentreports.model.AbstractStructure com.aventstack.extentreports.model.Test.getLogContext()=[Ljava.lang.Class;@54f5f647, public void com.aventstack.extentreports.model.Test.setScreenCaptureContext(com.aventstack.extentreports.model.AbstractStructure)=[Ljava.lang.Class;@6979efad, public java.lang.Boolean com.aventstack.extentreports.model.Test.isBehaviorDrivenType()=[Ljava.lang.Class;@5a6d5a8f, public void com.aventstack.extentreports.model.Test.setEndTime(java.util.Date)=[Ljava.lang.Class;@4a67318f, public com.aventstack.extentreports.model.AbstractStructure com.aventstack.extentreports.model.Test.getCategoryContext()=[Ljava.lang.Class;@315ba14a, public void com.aventstack.extentreports.model.Test.setDeviceContext(com.aventstack.extentreports.model.AbstractStructure)=[Ljava.lang.Class;@17f9344b, public java.lang.Class com.aventstack.extentreports.model.Test.getBddType()=[Ljava.lang.Class;@27f0ad19, public boolean java.lang.Object.equals(java.lang.Object)=[Ljava.lang.Class;@54e81b21, public com.aventstack.extentreports.model.AbstractStructure com.aventstack.extentreports.model.Test.getNodeContext()=[Ljava.lang.Class;@38d5b107, public com.aventstack.extentreports.model.Test com.aventstack.extentreports.model.Test.getParent()=[Ljava.lang.Class;@6650813a, public com.aventstack.extentreports.ExtentReports com.aventstack.extentreports.model.Test.getExtent()=[Ljava.lang.Class;@44ea608c, public com.aventstack.extentreports.model.AbstractStructure com.aventstack.extentreports.model.Test.getAuthorContext()=[Ljava.lang.Class;@50cf5a23, public com.aventstack.extentreports.model.AbstractStructure com.aventstack.extentreports.model.Test.getExceptionInfoContext()=[Ljava.lang.Class;@450794b4, public java.lang.String com.aventstack.extentreports.model.Test.getBehaviorDrivenTypeName()=[Ljava.lang.Class;@273c947f, public com.aventstack.extentreports.model.AbstractStructure com.aventstack.extentreports.model.Test.getDeviceContext()=[Ljava.lang.Class;@30457e14, public void com.aventstack.extentreports.model.Test.setExceptionInfoContext(com.aventstack.extentreports.model.AbstractStructure)=[Ljava.lang.Class;@1af1347d, public void com.aventstack.extentreports.model.Test.setStatus(com.aventstack.extentreports.Status)=[Ljava.lang.Class;@632aa1a3, public java.util.Date com.aventstack.extentreports.model.Test.getEndTime()=[Ljava.lang.Class;@20765ed5, public void com.aventstack.extentreports.model.Test.setNodeContext(com.aventstack.extentreports.model.AbstractStructure)=[Ljava.lang.Class;@3b582111, public void com.aventstack.extentreports.model.Test.setBddType(java.lang.Class)=[Ljava.lang.Class;@2899a8db, public boolean com.aventstack.extentreports.model.Test.isUsesManualConfiguration()=[Ljava.lang.Class;@1e8823d2, public void com.aventstack.extentreports.model.Test.setExtent(com.aventstack.extentreports.ExtentReports)=[Ljava.lang.Class;@c1a4620, public void com.aventstack.extentreports.model.Test.setStartTime(java.util.Date)=[Ljava.lang.Class;@76b0ae1b, public void com.aventstack.extentreports.model.Test.setParent(com.aventstack.extentreports.model.Test)=[Ljava.lang.Class;@130a0f66, public java.util.Date com.aventstack.extentreports.model.Test.getStartTime()=[Ljava.lang.Class;@4c432866, public void com.aventstack.extentreports.model.Test.end()=[Ljava.lang.Class;@12365c88, public void com.aventstack.extentreports.model.Test.setId(int)=[Ljava.lang.Class;@6105f8a3, public void com.aventstack.extentreports.model.Test.setLogContext(com.aventstack.extentreports.model.AbstractStructure)=[Ljava.lang.Class;@2237bada, public native int java.lang.Object.hashCode()=[Ljava.lang.Class;@77e2a6e2, public java.lang.String com.aventstack.extentreports.model.Test.getName()=[Ljava.lang.Class;@5710768a, public void com.aventstack.extentreports.model.Test.setName(java.lang.String)=[Ljava.lang.Class;@199e4c2b, public void com.aventstack.extentreports.model.Test.computeEndTimeFromChildren()=[Ljava.lang.Class;@6e0d4a8, public void com.aventstack.extentreports.model.Test.setAuthorContext(com.aventstack.extentreports.model.AbstractStructure)=[Ljava.lang.Class;@64d7b720, public com.aventstack.extentreports.model.AbstractStructure com.aventstack.extentreports.model.Test.getScreenCaptureContext()=[Ljava.lang.Class;@30272916, public void com.aventstack.extentreports.model.Test.setObjectId(org.bson.types.ObjectId)=[Ljava.lang.Class;@5bb3d42d, public void com.aventstack.extentreports.model.Test.setCategoryContext(com.aventstack.extentreports.model.AbstractStructure)=[Ljava.lang.Class;@5bf61e67, public void com.aventstack.extentreports.model.Test.setDescription(java.lang.String)=[Ljava.lang.Class;@2c1dc8e, public int com.aventstack.extentreports.model.Test.getId()=[Ljava.lang.Class;@b273a59, public final native java.lang.Class java.lang.Object.getClass()=[Ljava.lang.Class;@4e7095ac, public org.bson.types.ObjectId com.aventstack.extentreports.model.Test.getObjectId()=[Ljava.lang.Class;@251ebf23, public void com.aventstack.extentreports.model.Test.setLevel(int)=[Ljava.lang.Class;@29b732a2, public java.lang.String com.aventstack.extentreports.model.Test.getDescription()=[Ljava.lang.Class;@1b70203f, public void com.aventstack.extentreports.model.Test.setUsesManualConfiguration(boolean)=[Ljava.lang.Class;@51671b08, public com.aventstack.extentreports.Status com.aventstack.extentreports.model.Test.getStatus()=[Ljava.lang.Class;@15051a0}, level=freemarker.ext.beans.FastPropertyDescriptor@1162410a, getDeviceContext=public com.aventstack.extentreports.model.AbstractStructure com.aventstack.extentreports.model.Test.getDeviceContext(), getLogContext=public com.aventstack.extentreports.model.AbstractStructure com.aventstack.extentreports.model.Test.getLogContext(), behaviorDrivenTypeName=freemarker.ext.beans.FastPropertyDescriptor@b09fac1, name=freemarker.ext.beans.FastPropertyDescriptor@159e366, getBddType=public java.lang.Class com.aventstack.extentreports.model.Test.getBddType(), status=freemarker.ext.beans.FastPropertyDescriptor@24528a25, setName=public void com.aventstack.extentreports.model.Test.setName(java.lang.String), computeEndTimeFromChildren=public void com.aventstack.extentreports.model.Test.computeEndTimeFromChildren(), description=freemarker.ext.beans.FastPropertyDescriptor@5d332969, getId=public int com.aventstack.extentreports.model.Test.getId(), setObjectId=public void com.aventstack.extentreports.model.Test.setObjectId(org.bson.types.ObjectId), setCategoryContext=public void com.aventstack.extentreports.model.Test.setCategoryContext(com.aventstack.extentreports.model.AbstractStructure), setDescription=public void com.aventstack.extentreports.model.Test.setDescription(java.lang.String), bddType=freemarker.ext.beans.FastPropertyDescriptor@62df0ff3, getDescription=public java.lang.String com.aventstack.extentreports.model.Test.getDescription(), exceptionInfoContext=freemarker.ext.beans.FastPropertyDescriptor@61019f59, setNodeContext=public void com.aventstack.extentreports.model.Test.setNodeContext(com.aventstack.extentreports.model.AbstractStructure), nodeContext=freemarker.ext.beans.FastPropertyDescriptor@62e8f862, screenCaptureContext=freemarker.ext.beans.FastPropertyDescriptor@26f3d90c, setBddType=public void com.aventstack.extentreports.model.Test.setBddType(java.lang.Class), hashCode=public native int java.lang.Object.hashCode(), setLogContext=public void com.aventstack.extentreports.model.Test.setLogContext(com.aventstack.extentreports.model.AbstractStructure), startTime=freemarker.ext.beans.FastPropertyDescriptor@57dc9128, end=public void com.aventstack.extentreports.model.Test.end(), setExtent=public void com.aventstack.extentreports.model.Test.setExtent(com.aventstack.extentreports.ExtentReports), setStartTime=public void com.aventstack.extentreports.model.Test.setStartTime(java.util.Date), setParent=public void com.aventstack.extentreports.model.Test.setParent(com.aventstack.extentreports.model.Test), class=freemarker.ext.beans.FastPropertyDescriptor@3c49fab6, categoryContext=freemarker.ext.beans.FastPropertyDescriptor@515f4131, objectId=freemarker.ext.beans.FastPropertyDescriptor@74518890, getAuthorContext=public com.aventstack.extentreports.model.AbstractStructure com.aventstack.extentreports.model.Test.getAuthorContext(), getExtent=public com.aventstack.extentreports.ExtentReports com.aventstack.extentreports.model.Test.getExtent(), getNodeContext=public com.aventstack.extentreports.model.AbstractStructure com.aventstack.extentreports.model.Test.getNodeContext(), getParent=public com.aventstack.extentreports.model.Test com.aventstack.extentreports.model.Test.getParent(), java.lang.Object@2f943d71=freemarker.ext.beans.SimpleMethod@4c5204af, getBehaviorDrivenTypeName=public java.lang.String com.aventstack.extentreports.model.Test.getBehaviorDrivenTypeName(), setStatus=public void com.aventstack.extentreports.model.Test.setStatus(com.aventstack.extentreports.Status), setExceptionInfoContext=public void com.aventstack.extentreports.model.Test.setExceptionInfoContext(com.aventstack.extentreports.model.AbstractStructure), getLevel=public int com.aventstack.extentreports.model.Test.getLevel(), deviceContext=freemarker.ext.beans.FastPropertyDescriptor@3f3ddbd9, setDeviceContext=public void com.aventstack.extentreports.model.Test.setDeviceContext(com.aventstack.extentreports.model.AbstractStructure), getCategoryContext=public com.aventstack.extentreports.model.AbstractStructure com.aventstack.extentreports.model.Test.getCategoryContext(), setScreenCaptureContext=public void com.aventstack.extentreports.model.Test.setScreenCaptureContext(com.aventstack.extentreports.model.AbstractStructure), isBehaviorDrivenType=public java.lang.Boolean com.aventstack.extentreports.model.Test.isBehaviorDrivenType(), setEndTime=public void com.aventstack.extentreports.model.Test.setEndTime(java.util.Date), equals=public boolean java.lang.Object.equals(java.lang.Object), toString=public java.lang.String java.lang.Object.toString(), logContext=freemarker.ext.beans.FastPropertyDescriptor@14c053c6, endTime=freemarker.ext.beans.FastPropertyDescriptor@39fc6b2c}
Couldn't find template in cache for "v3html/category-view/v3-html-category-view.ftl"("en_IN", UTF-8, parsed); will try to load it.
TemplateLoader.findTemplateSource("v3html/category-view/v3-html-category-view_en_IN.ftl"): Not found
TemplateLoader.findTemplateSource("v3html/category-view/v3-html-category-view_en.ftl"): Not found
TemplateLoader.findTemplateSource("v3html/category-view/v3-html-category-view.ftl"): Found
Loading template for "v3html/category-view/v3-html-category-view.ftl"("en_IN", UTF-8, parsed) from "jar:file:/C:/Users/JKR/.m2/repository/com/aventstack/extentreports/4.1.6/extentreports-4.1.6.jar!/com/aventstack/extentreports/view/v3html/category-view/v3-html-category-view.ftl"
Couldn't find template in cache for "v3html/exception-view/v3-html-exception-view.ftl"("en_IN", UTF-8, parsed); will try to load it.
TemplateLoader.findTemplateSource("v3html/exception-view/v3-html-exception-view_en_IN.ftl"): Not found
TemplateLoader.findTemplateSource("v3html/exception-view/v3-html-exception-view_en.ftl"): Not found
TemplateLoader.findTemplateSource("v3html/exception-view/v3-html-exception-view.ftl"): Found
Loading template for "v3html/exception-view/v3-html-exception-view.ftl"("en_IN", UTF-8, parsed) from "jar:file:/C:/Users/JKR/.m2/repository/com/aventstack/extentreports/4.1.6/extentreports-4.1.6.jar!/com/aventstack/extentreports/view/v3html/exception-view/v3-html-exception-view.ftl"
Couldn't find template in cache for "v3html/author-view/v3-html-author-view.ftl"("en_IN", UTF-8, parsed); will try to load it.
TemplateLoader.findTemplateSource("v3html/author-view/v3-html-author-view_en_IN.ftl"): Not found
TemplateLoader.findTemplateSource("v3html/author-view/v3-html-author-view_en.ftl"): Not found
TemplateLoader.findTemplateSource("v3html/author-view/v3-html-author-view.ftl"): Found
Loading template for "v3html/author-view/v3-html-author-view.ftl"("en_IN", UTF-8, parsed) from "jar:file:/C:/Users/JKR/.m2/repository/com/aventstack/extentreports/4.1.6/extentreports-4.1.6.jar!/com/aventstack/extentreports/view/v3html/author-view/v3-html-author-view.ftl"
Couldn't find template in cache for "v3html/dashboard-view/v3-html-dashboard-view.ftl"("en_IN", UTF-8, parsed); will try to load it.
TemplateLoader.findTemplateSource("v3html/dashboard-view/v3-html-dashboard-view_en_IN.ftl"): Not found
TemplateLoader.findTemplateSource("v3html/dashboard-view/v3-html-dashboard-view_en.ftl"): Not found
TemplateLoader.findTemplateSource("v3html/dashboard-view/v3-html-dashboard-view.ftl"): Found
Loading template for "v3html/dashboard-view/v3-html-dashboard-view.ftl"("en_IN", UTF-8, parsed) from "jar:file:/C:/Users/JKR/.m2/repository/com/aventstack/extentreports/4.1.6/extentreports-4.1.6.jar!/com/aventstack/extentreports/view/v3html/dashboard-view/v3-html-dashboard-view.ftl"
Couldn't find template in cache for "v3html/logs-view/v3-html-testrunner-logs-view.ftl"("en_IN", UTF-8, parsed); will try to load it.
TemplateLoader.findTemplateSource("v3html/logs-view/v3-html-testrunner-logs-view_en_IN.ftl"): Not found
TemplateLoader.findTemplateSource("v3html/logs-view/v3-html-testrunner-logs-view_en.ftl"): Not found
TemplateLoader.findTemplateSource("v3html/logs-view/v3-html-testrunner-logs-view.ftl"): Found
Loading template for "v3html/logs-view/v3-html-testrunner-logs-view.ftl"("en_IN", UTF-8, parsed) from "jar:file:/C:/Users/JKR/.m2/repository/com/aventstack/extentreports/4.1.6/extentreports-4.1.6.jar!/com/aventstack/extentreports/view/v3html/logs-view/v3-html-testrunner-logs-view.ftl"
The options for the search box are 
flipkart
flipkart seller
flipkart customer care
flipkart mobile
flipkart app
flipkart owner
flipkart offer
flipkart super fan answers
flipkart share price
flipkart sale 2020
]]></system-out>
    <system-err><![CDATA[1594396597052	mozrunner::runner	INFO	Running command: "C:\\Program Files\\Mozilla Firefox\\firefox.exe" "-marionette" "-foreground" "-no-remote" "-profile" "C:\\Users\\JKR\\AppData\\Local\\Temp\\rust_mozprofileiD7ilU"
JavaScript error: resource://gre/modules/XULStore.jsm, line 66: Error: Can't find profile directory.
1594396600072	Marionette	INFO	Listening on port 54971
1594396600171	Marionette	WARN	TLS certificate errors will be ignored for this session
Jul 10, 2020 9:26:40 PM org.openqa.selenium.remote.ProtocolHandshake createSession
INFO: Detected dialect: W3C
JavaScript error: resource://gre/modules/URIFixup.jsm, line 203: NS_ERROR_FAILURE: Should pass a non-null uri
]]></system-err>
  </testcase>
</testsuite>